<?xml version="1.0" encoding="UTF-8"?>
<!-- Generated by org.testng.reporters.JUnitXMLReporter -->
<testsuite ignored="0" hostname="LAPTOP-3CBL729E" failures="0" tests="5" name="Surefire test" time="5.822" errors="0" timestamp="2022-07-23T19:00:23 IST">
  <testcase classname="com.spotify.oauth2.tests.PlayListTests" name="shouldBeAbleToCreatePlaylist" time="4.497"/>
  <testcase classname="com.spotify.oauth2.tests.PlayListTests" name="shouldBeAbleToGetAPlaylist" time="0.337"/>
  <testcase classname="com.spotify.oauth2.tests.PlayListTests" name="shouldBeAbleToUpdateAPlaylist" time="0.4"/>
  <testcase classname="com.spotify.oauth2.tests.PlayListTests" name="shouldNotBeAbleToCreatePlaylistWithExpiredToken" time="0.245"/>
  <testcase classname="com.spotify.oauth2.tests.PlayListTests" name="shouldNotBeAbleToCreatePlaylistWithoutName" time="0.217"/>
</testsuite> <!-- Surefire test -->
