<?xml version="1.0" encoding="UTF-8"?>
<!-- Generated by org.testng.reporters.JUnitXMLReporter -->
<testsuite ignored="0" hostname="LAPTOP-3CBL729E" failures="0" tests="5" name="Default test" time="5.786" errors="0" timestamp="2022-07-16T18:33:54 IST">
  <testcase classname="com.spotify.oauth2.tests.PlayListTests" name="shouldBeAbleToCreatePlaylist" time="4.055"/>
  <testcase classname="com.spotify.oauth2.tests.PlayListTests" name="shouldBeAbleToGetAPlaylist" time="0.402"/>
  <testcase classname="com.spotify.oauth2.tests.PlayListTests" name="shouldBeAbleToUpdateAPlaylist" time="0.709"/>
  <testcase classname="com.spotify.oauth2.tests.PlayListTests" name="shouldNotBeAbleToCreatePlaylistWithExpiredToken" time="0.265"/>
  <testcase classname="com.spotify.oauth2.tests.PlayListTests" name="shouldNotBeAbleToCreatePlaylistWithoutName" time="0.206"/>
</testsuite> <!-- Default test -->
