<?xml version="1.0" encoding="UTF-8"?>
<testng-results ignored="0" total="5" passed="5" failed="0" skipped="0">
  <reporter-output>
  </reporter-output>
  <suite started-at="2022-07-23T19:00:17 IST" name="Surefire suite" finished-at="2022-07-23T19:00:23 IST" duration-ms="5822">
    <groups>
    </groups>
    <test started-at="2022-07-23T19:00:17 IST" name="Surefire test" finished-at="2022-07-23T19:00:23 IST" duration-ms="5822">
      <class name="com.spotify.oauth2.tests.PlayListTests">
        <test-method signature="shouldBeAbleToCreatePlaylist()[pri:0, instance:com.spotify.oauth2.tests.PlayListTests@5467eea4]" started-at="2022-07-23T19:00:17 IST" name="shouldBeAbleToCreatePlaylist" finished-at="2022-07-23T19:00:21 IST" duration-ms="4497" status="PASS">
          <reporter-output>
          </reporter-output>
        </test-method> <!-- shouldBeAbleToCreatePlaylist -->
        <test-method signature="shouldBeAbleToGetAPlaylist()[pri:0, instance:com.spotify.oauth2.tests.PlayListTests@5467eea4]" started-at="2022-07-23T19:00:21 IST" name="shouldBeAbleToGetAPlaylist" finished-at="2022-07-23T19:00:22 IST" duration-ms="337" status="PASS">
          <reporter-output>
          </reporter-output>
        </test-method> <!-- shouldBeAbleToGetAPlaylist -->
        <test-method signature="shouldBeAbleToUpdateAPlaylist()[pri:0, instance:com.spotify.oauth2.tests.PlayListTests@5467eea4]" started-at="2022-07-23T19:00:22 IST" name="shouldBeAbleToUpdateAPlaylist" finished-at="2022-07-23T19:00:22 IST" duration-ms="400" status="PASS">
          <reporter-output>
          </reporter-output>
        </test-method> <!-- shouldBeAbleToUpdateAPlaylist -->
        <test-method signature="shouldNotBeAbleToCreatePlaylistWithExpiredToken()[pri:0, instance:com.spotify.oauth2.tests.PlayListTests@5467eea4]" started-at="2022-07-23T19:00:22 IST" name="shouldNotBeAbleToCreatePlaylistWithExpiredToken" finished-at="2022-07-23T19:00:22 IST" duration-ms="245" status="PASS">
          <reporter-output>
          </reporter-output>
        </test-method> <!-- shouldNotBeAbleToCreatePlaylistWithExpiredToken -->
        <test-method signature="shouldNotBeAbleToCreatePlaylistWithoutName()[pri:0, instance:com.spotify.oauth2.tests.PlayListTests@5467eea4]" started-at="2022-07-23T19:00:22 IST" name="shouldNotBeAbleToCreatePlaylistWithoutName" finished-at="2022-07-23T19:00:23 IST" duration-ms="217" status="PASS">
          <reporter-output>
          </reporter-output>
        </test-method> <!-- shouldNotBeAbleToCreatePlaylistWithoutName -->
      </class> <!-- com.spotify.oauth2.tests.PlayListTests -->
    </test> <!-- Surefire test -->
  </suite> <!-- Surefire suite -->
</testng-results>
