<?xml version="1.0" encoding="UTF-8"?>
<testsuite xmlns:xsi="http://www.w3.org/2001/XMLSchema-instance" xsi:noNamespaceSchemaLocation="https://maven.apache.org/surefire/maven-surefire-plugin/xsd/surefire-test-report-3.0.xsd" version="3.0" name="com.spotify.oauth2.tests.PlayListTests" time="6.822" tests="5" errors="0" skipped="0" failures="0">
  <properties>
[...]
</properties>
  <testcase name="shouldBeAbleToCreatePlaylist" classname="com.spotify.oauth2.tests.PlayListTests" time="4.504">
    <system-out><![CDATA[Renewing token....
Request method:	POST
Request URI:	https://accounts.spotify.com/api/token
Proxy:			<none>
Request params:	<none>
Query params:	<none>
Form params:	refresh_token=AQCTxJVGQs1hi4qTAoJVhFJyLbrvEPW8O7FMKVpRSv6i1KQkoITb2Vm6Zg9Fk3VFAkUvSRt2hNZGVX-xqbVAHtm3i45ahHQccS-BgVOh8YDqUis9U301kO8jw9ECOtVZnrI
				grant_type=refresh_token
				client_secret=cfae69759ed744e0aff8d6d48e8665d0
				client_id=7cab9688b2424db2988a8713cf64d6d4
Path params:	<none>
Headers:		Accept=*/*
				Content-Type=application/x-www-form-urlencoded; charset=ISO-8859-1
Cookies:		<none>
Multiparts:		<none>
Body:			<none>
HTTP/1.1 200 OK
date: Sat, 23 Jul 2022 13:30:19 GMT
content-type: application/json
vary: Accept-Encoding
set-cookie: __Host-device_id=AQDVTxA1LhYnqIGFxcnRw4f0eR4NlNVltDMl2w_0RIJTYREOM5IwdNViIKqIz1arQGqlS7cWMwkmo3Yk8lZgTQXirMMr77s0RCE;Version=1;Path=/;Max-Age=2147483647;Secure;HttpOnly;SameSite=Lax
set-cookie: sp_tr=false;Version=1;Domain=accounts.spotify.com;Path=/;Secure;SameSite=Lax
sp-trace-id: bc230fd3649fc324
content-encoding: gzip
strict-transport-security: max-age=31536000
x-content-type-options: nosniff
server: envoy
Via: HTTP/2 edgeproxy, 1.1 google
Alt-Svc: h3=":443"; ma=2592000,h3-29=":443"; ma=2592000
Transfer-Encoding: chunked

{
    "access_token": "BQCW5ldnOGOcgXW9artJ4u5o_6w40KwOVNW1L2Dkb93VcrCweUSXoYd7f15JKO7Vx18MmWfVtsgWGYwc2ZHZ3yb010TcO8eyUJhqMjq_8GlHOMCzGQHLvgjel2e9pv5qfOV86mGCViueVaNU4XAWZs6Iror9bChLIBjdac4c33AkoImTa7S3JAPYdoMdHZCZ2DEeIE_OGr6_rko9M-b42m1A2DvbEnBYMVkF9UO7K47umGesGPuDcQiKsxO6mc1xYdrNIixFueSV9Rge",
    "token_type": "Bearer",
    "expires_in": 3600,
    "scope": "playlist-read-private playlist-read-collaborative playlist-modify-private playlist-modify-public"
}
Request method:	POST
Request URI:	https://api.spotify.com/v1/users/31udjttrbm2dy37iluzf24sabbsy/playlists
Proxy:			<none>
Request params:	<none>
Query params:	<none>
Form params:	<none>
Path params:	<none>
Headers:		Accept=*/*
				Content-Type=application/json
Cookies:		<none>
Multiparts:		<none>
Body:
{
    "description": "Playlist eRVsII29O630dtF",
    "name": "Playlist com.github.javafaker.Name@fca387",
    "public": false
}
HTTP/1.1 201 Created
content-type: application/json; charset=utf-8
cache-control: private, max-age=0
location: https://api.spotify.com/v1/playlists/3s9zfObvxN7qhM7Ma0hPBE
x-robots-tag: noindex, nofollow
access-control-allow-origin: *
access-control-allow-headers: Accept, App-Platform, Authorization, Content-Type, Origin, Retry-After, Spotify-App-Version, X-Cloud-Trace-Context, client-token, content-access-token
access-control-allow-methods: GET, POST, OPTIONS, PUT, DELETE, PATCH
access-control-allow-credentials: true
access-control-max-age: 604800
content-encoding: gzip
strict-transport-security: max-age=31536000
x-content-type-options: nosniff
date: Sat, 23 Jul 2022 13:30:21 GMT
server: envoy
Via: HTTP/2 edgeproxy, 1.1 google
Alt-Svc: h3=":443"; ma=2592000,h3-29=":443"; ma=2592000
Transfer-Encoding: chunked

{
    "collaborative": false,
    "description": "Playlist eRVsII29O630dtF",
    "external_urls": {
        "spotify": "https://open.spotify.com/playlist/3s9zfObvxN7qhM7Ma0hPBE"
    },
    "followers": {
        "href": null,
        "total": 0
    },
    "href": "https://api.spotify.com/v1/playlists/3s9zfObvxN7qhM7Ma0hPBE",
    "id": "3s9zfObvxN7qhM7Ma0hPBE",
    "images": [
        
    ],
    "name": "Playlist com.github.javafaker.Name@fca387",
    "owner": {
        "display_name": "Chinnuboss",
        "external_urls": {
            "spotify": "https://open.spotify.com/user/31udjttrbm2dy37iluzf24sabbsy"
        },
        "href": "https://api.spotify.com/v1/users/31udjttrbm2dy37iluzf24sabbsy",
        "id": "31udjttrbm2dy37iluzf24sabbsy",
        "type": "user",
        "uri": "spotify:user:31udjttrbm2dy37iluzf24sabbsy"
    },
    "primary_color": null,
    "public": false,
    "snapshot_id": "MSxjZTkwZmFkOTZiMDNlOTU5YmM1YzliZmU0ZjhkZjJkZDg3YmQzMWQ5",
    "tracks": {
        "href": "https://api.spotify.com/v1/playlists/3s9zfObvxN7qhM7Ma0hPBE/tracks",
        "items": [
            
        ],
        "limit": 100,
        "next": null,
        "offset": 0,
        "previous": null,
        "total": 0
    },
    "type": "playlist",
    "uri": "spotify:playlist:3s9zfObvxN7qhM7Ma0hPBE"
}
]]></system-out>
    <system-err><![CDATA[SLF4J: Failed to load class "org.slf4j.impl.StaticLoggerBinder".
SLF4J: Defaulting to no-operation (NOP) logger implementation
SLF4J: See http://www.slf4j.org/codes.html#StaticLoggerBinder for further details.
]]></system-err>
  </testcase>
  <testcase name="shouldBeAbleToGetAPlaylist" classname="com.spotify.oauth2.tests.PlayListTests" time="0.341">
    <system-out><![CDATA[Token is good to use
Request method:	GET
Request URI:	https://api.spotify.com/v1/playlists/7tPLvQUT9PKatKlwXHAUjt
Proxy:			<none>
Request params:	<none>
Query params:	<none>
Form params:	<none>
Path params:	<none>
Headers:		Accept=*/*
				Content-Type=application/json
Cookies:		<none>
Multiparts:		<none>
Body:			<none>
HTTP/1.1 200 OK
content-type: application/json; charset=utf-8
cache-control: public, max-age=0
etag: "MC-IjBiMjMyMGU5ZTNiNDA0NTI3M2NjY2IxNjU4NDdiYWYzIg=="
x-robots-tag: noindex, nofollow
access-control-allow-origin: *
access-control-allow-headers: Accept, App-Platform, Authorization, Content-Type, Origin, Retry-After, Spotify-App-Version, X-Cloud-Trace-Context, client-token, content-access-token
access-control-allow-methods: GET, POST, OPTIONS, PUT, DELETE, PATCH
access-control-allow-credentials: true
access-control-max-age: 604800
content-encoding: gzip
strict-transport-security: max-age=31536000
x-content-type-options: nosniff
date: Sat, 23 Jul 2022 13:30:21 GMT
server: envoy
Via: HTTP/2 edgeproxy, 1.1 google
Alt-Svc: h3=":443"; ma=2592000,h3-29=":443"; ma=2592000
Transfer-Encoding: chunked

{
    "collaborative": false,
    "description": "Updated playlist description",
    "external_urls": {
        "spotify": "https://open.spotify.com/playlist/7tPLvQUT9PKatKlwXHAUjt"
    },
    "followers": {
        "href": null,
        "total": 0
    },
    "href": "https://api.spotify.com/v1/playlists/7tPLvQUT9PKatKlwXHAUjt",
    "id": "7tPLvQUT9PKatKlwXHAUjt",
    "images": [
        
    ],
    "name": "Updated Playlist",
    "owner": {
        "display_name": "Chinnuboss",
        "external_urls": {
            "spotify": "https://open.spotify.com/user/31udjttrbm2dy37iluzf24sabbsy"
        },
        "href": "https://api.spotify.com/v1/users/31udjttrbm2dy37iluzf24sabbsy",
        "id": "31udjttrbm2dy37iluzf24sabbsy",
        "type": "user",
        "uri": "spotify:user:31udjttrbm2dy37iluzf24sabbsy"
    },
    "primary_color": null,
    "public": false,
    "snapshot_id": "NSxhYWVlZTQzMGI2NGE4NGZlNGJhODliZjc3ZDYyNjViZmUzNDdhYTA2",
    "tracks": {
        "href": "https://api.spotify.com/v1/playlists/7tPLvQUT9PKatKlwXHAUjt/tracks?offset=0&limit=100",
        "items": [
            
        ],
        "limit": 100,
        "next": null,
        "offset": 0,
        "previous": null,
        "total": 0
    },
    "type": "playlist",
    "uri": "spotify:playlist:7tPLvQUT9PKatKlwXHAUjt"
}
]]></system-out>
  </testcase>
  <testcase name="shouldBeAbleToUpdateAPlaylist" classname="com.spotify.oauth2.tests.PlayListTests" time="0.4">
    <system-out><![CDATA[Token is good to use
Request method:	PUT
Request URI:	https://api.spotify.com/v1/playlists/0FJX9i4r2ytone0IUQb40O
Proxy:			<none>
Request params:	<none>
Query params:	<none>
Form params:	<none>
Path params:	<none>
Headers:		Accept=*/*
				Content-Type=application/json
Cookies:		<none>
Multiparts:		<none>
Body:
{
    "description": "Playlist AjbfEL30MhmC0fA",
    "name": "Playlist com.github.javafaker.Name@606d2a92",
    "public": false
}
HTTP/1.1 200 OK
cache-control: private, max-age=0
x-robots-tag: noindex, nofollow
access-control-allow-origin: *
access-control-allow-headers: Accept, App-Platform, Authorization, Content-Type, Origin, Retry-After, Spotify-App-Version, X-Cloud-Trace-Context, client-token, content-access-token
access-control-allow-methods: GET, POST, OPTIONS, PUT, DELETE, PATCH
access-control-allow-credentials: true
access-control-max-age: 604800
Content-Length: 0
strict-transport-security: max-age=31536000
x-content-type-options: nosniff
date: Sat, 23 Jul 2022 13:30:21 GMT
server: envoy
Via: HTTP/2 edgeproxy, 1.1 google
Alt-Svc: h3=":443"; ma=2592000,h3-29=":443"; ma=2592000
]]></system-out>
  </testcase>
  <testcase name="shouldNotBeAbleToCreatePlaylistWithExpiredToken" classname="com.spotify.oauth2.tests.PlayListTests" time="0.247">
    <system-out><![CDATA[Request method:	POST
Request URI:	https://api.spotify.com/v1/users/31udjttrbm2dy37iluzf24sabbsy/playlists
Proxy:			<none>
Request params:	<none>
Query params:	<none>
Form params:	<none>
Path params:	<none>
Headers:		Accept=*/*
				Content-Type=application/json
Cookies:		<none>
Multiparts:		<none>
Body:
{
    "description": "Playlist 8DI70Zp28V840EG",
    "name": "Playlist com.github.javafaker.Name@571b4bf6",
    "public": false
}
HTTP/1.1 401 Unauthorized
www-authenticate: Bearer realm="spotify", error="invalid_token", error_description="Invalid access token"
access-control-allow-origin: *
access-control-allow-headers: Accept, App-Platform, Authorization, Content-Type, Origin, Retry-After, Spotify-App-Version, X-Cloud-Trace-Context, client-token, content-access-token
access-control-allow-methods: GET, POST, OPTIONS, PUT, DELETE, PATCH
access-control-allow-credentials: true
access-control-max-age: 604800
content-type: application/json
content-encoding: gzip
strict-transport-security: max-age=31536000
x-content-type-options: nosniff
date: Sat, 23 Jul 2022 13:30:22 GMT
server: envoy
Via: HTTP/2 edgeproxy, 1.1 google
Alt-Svc: h3=":443"; ma=2592000,h3-29=":443"; ma=2592000
Transfer-Encoding: chunked

{
    "error": {
        "status": 401,
        "message": "Invalid access token"
    }
}
]]></system-out>
  </testcase>
  <testcase name="shouldNotBeAbleToCreatePlaylistWithoutName" classname="com.spotify.oauth2.tests.PlayListTests" time="0.218">
    <system-out><![CDATA[Token is good to use
Request method:	POST
Request URI:	https://api.spotify.com/v1/users/31udjttrbm2dy37iluzf24sabbsy/playlists
Proxy:			<none>
Request params:	<none>
Query params:	<none>
Form params:	<none>
Path params:	<none>
Headers:		Accept=*/*
				Content-Type=application/json
Cookies:		<none>
Multiparts:		<none>
Body:
{
    "description": "Playlist 2ES3C37550LVzEf",
    "name": "",
    "public": false
}
HTTP/1.1 400 Bad Request
content-type: application/json; charset=utf-8
cache-control: private, max-age=0
x-robots-tag: noindex, nofollow
access-control-allow-origin: *
access-control-allow-headers: Accept, App-Platform, Authorization, Content-Type, Origin, Retry-After, Spotify-App-Version, X-Cloud-Trace-Context, client-token, content-access-token
access-control-allow-methods: GET, POST, OPTIONS, PUT, DELETE, PATCH
access-control-allow-credentials: true
access-control-max-age: 604800
content-encoding: gzip
strict-transport-security: max-age=31536000
x-content-type-options: nosniff
date: Sat, 23 Jul 2022 13:30:22 GMT
server: envoy
Via: HTTP/2 edgeproxy, 1.1 google
Alt-Svc: h3=":443"; ma=2592000,h3-29=":443"; ma=2592000
Transfer-Encoding: chunked

{
    "error": {
        "status": 400,
        "message": "Missing required field: name"
    }
}
]]></system-out>
  </testcase>
</testsuite>