<?xml version="1.0" encoding="UTF-8"?>
<testng-results ignored="0" total="5" passed="5" failed="0" skipped="0">
  <reporter-output>
  </reporter-output>
  <suite started-at="2022-07-16T18:33:48 IST" name="Default suite" finished-at="2022-07-16T18:33:54 IST" duration-ms="5786">
    <groups>
    </groups>
    <test started-at="2022-07-16T18:33:48 IST" name="Default test" finished-at="2022-07-16T18:33:54 IST" duration-ms="5786">
      <class name="com.spotify.oauth2.tests.PlayListTests">
        <test-method signature="shouldBeAbleToCreatePlaylist()[pri:0, instance:com.spotify.oauth2.tests.PlayListTests@7b7b3edb]" started-at="2022-07-16T18:33:48 IST" name="shouldBeAbleToCreatePlaylist" finished-at="2022-07-16T18:33:52 IST" duration-ms="4055" status="PASS">
          <reporter-output>
          </reporter-output>
        </test-method> <!-- shouldBeAbleToCreatePlaylist -->
        <test-method signature="shouldBeAbleToGetAPlaylist()[pri:0, instance:com.spotify.oauth2.tests.PlayListTests@7b7b3edb]" started-at="2022-07-16T18:33:52 IST" name="shouldBeAbleToGetAPlaylist" finished-at="2022-07-16T18:33:53 IST" duration-ms="402" status="PASS">
          <reporter-output>
          </reporter-output>
        </test-method> <!-- shouldBeAbleToGetAPlaylist -->
        <test-method signature="shouldBeAbleToUpdateAPlaylist()[pri:0, instance:com.spotify.oauth2.tests.PlayListTests@7b7b3edb]" started-at="2022-07-16T18:33:53 IST" name="shouldBeAbleToUpdateAPlaylist" finished-at="2022-07-16T18:33:53 IST" duration-ms="709" status="PASS">
          <reporter-output>
          </reporter-output>
        </test-method> <!-- shouldBeAbleToUpdateAPlaylist -->
        <test-method signature="shouldNotBeAbleToCreatePlaylistWithExpiredToken()[pri:0, instance:com.spotify.oauth2.tests.PlayListTests@7b7b3edb]" started-at="2022-07-16T18:33:53 IST" name="shouldNotBeAbleToCreatePlaylistWithExpiredToken" finished-at="2022-07-16T18:33:54 IST" duration-ms="265" status="PASS">
          <reporter-output>
          </reporter-output>
        </test-method> <!-- shouldNotBeAbleToCreatePlaylistWithExpiredToken -->
        <test-method signature="shouldNotBeAbleToCreatePlaylistWithoutName()[pri:0, instance:com.spotify.oauth2.tests.PlayListTests@7b7b3edb]" started-at="2022-07-16T18:33:54 IST" name="shouldNotBeAbleToCreatePlaylistWithoutName" finished-at="2022-07-16T18:33:54 IST" duration-ms="206" status="PASS">
          <reporter-output>
          </reporter-output>
        </test-method> <!-- shouldNotBeAbleToCreatePlaylistWithoutName -->
      </class> <!-- com.spotify.oauth2.tests.PlayListTests -->
    </test> <!-- Default test -->
  </suite> <!-- Default suite -->
</testng-results>
